=== Starting training: CONFIG=configs/train_cnn_bilstm_balanced.yaml ===
Job: 11549134  Node: m9g-1-4  Started: 2026-04-21T08:56:41-06:00
Working directory: /home/jamcha99/DeepLearningFinalProject
Python: /home/jamcha99/groups/grp_oitcapstone_cs/.cache/envs/dl-water/bin/python
CUDA available: True
  GPU 0: Tesla P100-PCIE-16GB
Run: cnn_bilstm_balanced  Model: cnn_bilstm  Classes: 5  Device: auto
Train size: 656,734  Val size: 153,238
[train] augment=True (noise_std=0.01, amp=[0.9,1.1], time_warp=0.0)
Model parameters: 638,149
[train] tensorboard is not installed; continuing without TensorBoard logging
[train] loss: cross-entropy (class_weights=True)
Epoch 001/60  loss 0.8347/0.1573  F1 0.4251/0.5802  (51.9s)
Epoch 002/60  loss 0.7532/0.5191  F1 0.4490/0.5733  (50.4s)
Epoch 003/60  loss 0.7345/0.1226  F1 0.4642/0.6316  (50.6s)
Epoch 004/60  loss 0.7243/0.1524  F1 0.4623/0.5712  (50.9s)
Epoch 005/60  loss 0.7019/0.1164  F1 0.4763/0.6258  (51.0s)
Epoch 006/60  loss 0.6942/0.1202  F1 0.4843/0.5926  (50.6s)
Epoch 007/60  loss 0.6843/0.2177  F1 0.5090/0.6035  (50.5s)
Epoch 008/60  loss 0.6827/0.0857  F1 0.5039/0.7199  (50.7s)
Epoch 009/60  loss 0.6606/0.1113  F1 0.5432/0.6615  (50.7s)
Epoch 010/60  loss 0.6653/0.1377  F1 0.5353/0.6601  (50.6s)
Epoch 011/60  loss 0.6577/0.1029  F1 0.5505/0.6575  (50.8s)
Epoch 012/60  loss 0.6551/0.1634  F1 0.5502/0.6417  (50.7s)
Epoch 013/60  loss 0.6298/0.0926  F1 0.5560/0.7023  (50.7s)
Epoch 014/60  loss 0.6235/0.1404  F1 0.5666/0.6137  (50.8s)
Epoch 015/60  loss 0.6240/1.0111  F1 0.5748/0.4124  (50.8s)
Epoch 016/60  loss 0.6213/0.1081  F1 0.5797/0.6937  (51.0s)
Epoch 017/60  loss 0.6269/0.1397  F1 0.5699/0.6140  (50.9s)
Epoch 018/60  loss 0.6128/0.0946  F1 0.5768/0.7043  (50.9s)
Epoch 019/60  loss 0.6097/0.0877  F1 0.5839/0.7459  (50.9s)
Epoch 020/60  loss 0.5898/0.0754  F1 0.5975/0.6976  (50.7s)
Epoch 021/60  loss 0.5774/0.0826  F1 0.6041/0.7199  (50.7s)
Epoch 022/60  loss 0.5734/0.0928  F1 0.6024/0.7141  (50.5s)
Epoch 023/60  loss 0.5661/0.1065  F1 0.6068/0.7340  (51.7s)
Epoch 024/60  loss 0.5769/0.0983  F1 0.5939/0.7294  (51.1s)
Epoch 025/60  loss 0.5632/0.1496  F1 0.6082/0.6464  (51.9s)
Epoch 026/60  loss 0.5537/0.0945  F1 0.6176/0.7209  (50.7s)
Epoch 027/60  loss 0.5501/0.1070  F1 0.6199/0.7311  (50.5s)
Epoch 028/60  loss 0.5266/1.9077  F1 0.6317/0.4331  (50.4s)
Epoch 029/60  loss 0.5330/0.6234  F1 0.6301/0.5755  (50.2s)
Epoch 030/60  loss 0.5060/0.1198  F1 0.6321/0.6849  (50.2s)
Epoch 031/60  loss 0.5160/0.1122  F1 0.6345/0.6724  (50.8s)
Epoch 032/60  loss 0.4976/0.1217  F1 0.6417/0.7110  (50.3s)
Epoch 033/60  loss 0.4877/0.1241  F1 0.6565/0.7213  (50.2s)
Epoch 034/60  loss 0.4851/0.1624  F1 0.6500/0.6677  (50.4s)
Epoch 035/60  loss 0.4707/0.1207  F1 0.6596/0.7152  (50.2s)
Epoch 036/60  loss 0.4918/0.1500  F1 0.6592/0.6935  (50.2s)
Epoch 037/60  loss 0.4491/0.1779  F1 0.6766/0.6682  (50.2s)
Epoch 038/60  loss 0.4635/0.1694  F1 0.6754/0.6832  (51.2s)
Epoch 039/60  loss 0.4376/0.2313  F1 0.6755/0.6852  (50.3s)
Early stopping at epoch 39 (no improvement for 20 epochs).
Best val macro-F1: 0.7459 at epoch 19
Summary saved to /home/jamcha99/DeepLearningFinalProject/runs/cnn_bilstm_balanced/logs/train_summary.json
=== Training complete: 2026-04-21T09:30:16-06:00 ===
