=== Starting training: CONFIG=configs/train_gru_balanced.yaml ===
Job: 11549132  Node: m9g-1-2  Started: 2026-04-21T08:56:43-06:00
Working directory: /home/jamcha99/DeepLearningFinalProject
Python: /home/jamcha99/groups/grp_oitcapstone_cs/.cache/envs/dl-water/bin/python
CUDA available: True
  GPU 0: Tesla P100-PCIE-16GB
Run: gru_balanced  Model: gru  Classes: 5  Device: auto
Train size: 656,734  Val size: 153,238
[train] augment=True (noise_std=0.01, amp=[0.9,1.1], time_warp=0.0)
Model parameters: 430,597
[train] tensorboard is not installed; continuing without TensorBoard logging
[train] loss: cross-entropy (class_weights=True)
Epoch 001/60  loss 0.8871/0.1662  F1 0.3648/0.5160  (68.4s)
Epoch 002/60  loss 0.7239/0.1132  F1 0.4414/0.5469  (65.8s)
Epoch 003/60  loss 0.6796/0.1028  F1 0.4858/0.5752  (64.9s)
Epoch 004/60  loss 0.6491/0.0916  F1 0.4918/0.5903  (65.5s)
Epoch 005/60  loss 0.6394/0.0873  F1 0.5176/0.6791  (64.9s)
Epoch 006/60  loss 0.6257/0.0792  F1 0.5249/0.6637  (64.9s)
Epoch 007/60  loss 0.6066/0.0652  F1 0.5436/0.6732  (64.8s)
Epoch 008/60  loss 0.5967/0.0747  F1 0.5498/0.6893  (64.9s)
Epoch 009/60  loss 0.5929/0.0790  F1 0.5600/0.7109  (65.1s)
Epoch 010/60  loss 0.5807/0.0672  F1 0.5607/0.7041  (65.1s)
Epoch 011/60  loss 0.5746/0.1025  F1 0.5591/0.6471  (65.1s)
Epoch 012/60  loss 0.5731/0.0602  F1 0.5630/0.7002  (65.1s)
Epoch 013/60  loss 0.5607/0.0824  F1 0.5839/0.7016  (65.1s)
Epoch 014/60  loss 0.5543/0.0678  F1 0.5866/0.7095  (65.1s)
Epoch 015/60  loss 0.5372/0.0715  F1 0.5809/0.7245  (65.1s)
Epoch 016/60  loss 0.5457/0.0898  F1 0.6001/0.6947  (65.1s)
Epoch 017/60  loss 0.5257/0.0597  F1 0.5941/0.6921  (65.1s)
Epoch 018/60  loss 0.5243/0.0706  F1 0.5966/0.6971  (65.1s)
Epoch 019/60  loss 0.5162/0.0707  F1 0.6019/0.7000  (66.3s)
Epoch 020/60  loss 0.5147/0.0647  F1 0.5977/0.7014  (65.8s)
Epoch 021/60  loss 0.4954/0.0760  F1 0.6182/0.6898  (66.2s)
Epoch 022/60  loss 0.4983/0.0821  F1 0.6231/0.6900  (65.4s)
Epoch 023/60  loss 0.4953/0.0665  F1 0.6049/0.7098  (66.5s)
Epoch 024/60  loss 0.4817/0.0763  F1 0.6253/0.7029  (65.7s)
Epoch 025/60  loss 0.4679/0.0716  F1 0.6344/0.7027  (65.8s)
Epoch 026/60  loss 0.4689/0.0737  F1 0.6283/0.6912  (65.6s)
Epoch 027/60  loss 0.4590/0.0788  F1 0.6271/0.7004  (65.6s)
Epoch 028/60  loss 0.4452/0.0800  F1 0.6313/0.7058  (65.0s)
Epoch 029/60  loss 0.4403/0.0746  F1 0.6446/0.6978  (65.7s)
Epoch 030/60  loss 0.4344/0.0698  F1 0.6468/0.7102  (65.0s)
Epoch 031/60  loss 0.4301/0.0849  F1 0.6404/0.6810  (65.6s)
Epoch 032/60  loss 0.4242/0.0710  F1 0.6398/0.7230  (65.0s)
Epoch 033/60  loss 0.4252/0.0843  F1 0.6495/0.6870  (65.1s)
Epoch 034/60  loss 0.4101/0.0966  F1 0.6498/0.6931  (65.1s)
Epoch 035/60  loss 0.4052/0.0890  F1 0.6532/0.6887  (65.0s)
Early stopping at epoch 35 (no improvement for 20 epochs).
Best val macro-F1: 0.7245 at epoch 15
Summary saved to /home/jamcha99/DeepLearningFinalProject/runs/gru_balanced/logs/train_summary.json
=== Training complete: 2026-04-21T09:35:55-06:00 ===
