=== Starting training: CONFIG=configs/train_cnn_minority.yaml ===
Job: 11549137  Node: m9g-1-5  Started: 2026-04-21T08:56:43-06:00
Working directory: /home/jamcha99/DeepLearningFinalProject
Python: /home/jamcha99/groups/grp_oitcapstone_cs/.cache/envs/dl-water/bin/python
CUDA available: True
  GPU 0: Tesla P100-PCIE-16GB
Run: cnn_minority  Model: cnn  Classes: 5  Device: auto
Train size: 656,734  Val size: 153,238
[train] augment=True (noise_std=0.03, amp=[0.7,1.3], time_warp=0.1)
[train] metadata head enabled (metadata_dim=3)
Model parameters: 60,942
[train] tensorboard is not installed; continuing without TensorBoard logging
[train] loss: focal (gamma=2.0, class_weights=True)
Epoch 001/60  loss 19.3639/1.0163  F1 0.3108/0.1501  (27.8s)
Epoch 002/60  loss 16.2747/1.1051  F1 0.3893/0.1795  (25.5s)
Epoch 003/60  loss 14.8783/1.1773  F1 0.4206/0.1576  (24.9s)
Epoch 004/60  loss 13.6200/0.9050  F1 0.4482/0.1758  (25.2s)
Epoch 005/60  loss 12.5507/0.9156  F1 0.4706/0.1902  (24.8s)
Epoch 006/60  loss 11.5226/0.9349  F1 0.4919/0.1774  (25.7s)
Epoch 007/60  loss 10.7430/0.6914  F1 0.5081/0.2079  (25.1s)
Epoch 008/60  loss 10.0226/0.6881  F1 0.5235/0.1960  (25.0s)
Epoch 009/60  loss 9.4477/0.6883  F1 0.5348/0.2054  (26.1s)
Epoch 010/60  loss 8.9111/0.7657  F1 0.5498/0.1785  (25.6s)
Epoch 011/60  loss 8.5393/0.7241  F1 0.5574/0.1852  (25.4s)
Epoch 012/60  loss 8.0343/0.5958  F1 0.5729/0.2870  (25.2s)
Epoch 013/60  loss 7.6585/0.6639  F1 0.5844/0.2372  (25.7s)
Epoch 014/60  loss 7.3842/0.6633  F1 0.5944/0.2648  (25.5s)
Epoch 015/60  loss 7.0809/0.6109  F1 0.6060/0.2501  (26.2s)
Epoch 016/60  loss 6.8179/0.6248  F1 0.6190/0.2663  (25.5s)
Epoch 017/60  loss 6.5573/0.6248  F1 0.6393/0.2590  (26.0s)
Epoch 018/60  loss 6.3184/0.8126  F1 0.6454/0.2070  (25.0s)
Epoch 019/60  loss 6.1530/0.5784  F1 0.6565/0.3342  (25.6s)
Epoch 020/60  loss 5.9479/0.5787  F1 0.6789/0.3361  (25.8s)
Epoch 021/60  loss 5.7815/0.6293  F1 0.6836/0.3300  (25.8s)
Epoch 022/60  loss 5.6199/0.5913  F1 0.6974/0.3161  (25.5s)
Epoch 023/60  loss 5.4420/0.6328  F1 0.7129/0.3448  (26.4s)
Epoch 024/60  loss 5.2650/0.6052  F1 0.7232/0.3668  (25.3s)
Epoch 025/60  loss 5.2333/0.6310  F1 0.7340/0.3922  (25.1s)
Epoch 026/60  loss 5.1141/0.6832  F1 0.7448/0.3884  (24.9s)
Epoch 027/60  loss 5.0029/0.7494  F1 0.7539/0.3681  (25.8s)
Epoch 028/60  loss 4.8516/0.6651  F1 0.7561/0.3850  (24.9s)
Epoch 029/60  loss 4.7939/0.6314  F1 0.7698/0.3896  (25.4s)
Epoch 030/60  loss 4.6719/0.6546  F1 0.7809/0.3865  (25.4s)
Epoch 031/60  loss 4.6087/0.6504  F1 0.7839/0.3913  (25.5s)
Epoch 032/60  loss 4.5070/0.6375  F1 0.7892/0.3884  (24.7s)
Epoch 033/60  loss 4.4613/0.6418  F1 0.7902/0.3898  (25.1s)
Epoch 034/60  loss 4.4027/0.7063  F1 0.7933/0.3763  (25.3s)
Epoch 035/60  loss 4.2802/0.7618  F1 0.7991/0.3872  (25.7s)
Epoch 036/60  loss 4.2735/0.6706  F1 0.8009/0.3779  (25.9s)
Epoch 037/60  loss 4.1862/0.7203  F1 0.8064/0.3867  (25.2s)
Epoch 038/60  loss 4.1304/0.7014  F1 0.8081/0.3859  (26.0s)
Epoch 039/60  loss 4.0935/0.7187  F1 0.8112/0.3913  (25.0s)
Epoch 040/60  loss 4.0343/0.7290  F1 0.8133/0.3782  (24.9s)
Epoch 041/60  loss 3.9745/0.7333  F1 0.8131/0.3824  (25.6s)
Epoch 042/60  loss 3.9581/0.7035  F1 0.8177/0.3856  (25.7s)
Epoch 043/60  loss 3.9206/0.6996  F1 0.8165/0.3875  (26.2s)
Epoch 044/60  loss 3.8417/0.7591  F1 0.8214/0.3827  (26.2s)
Epoch 045/60  loss 3.8577/0.7648  F1 0.8212/0.3837  (26.2s)
Early stopping at epoch 45 (no improvement for 20 epochs).
Best val macro-F1: 0.3922 at epoch 25
Summary saved to /home/jamcha99/DeepLearningFinalProject/runs/cnn_minority/logs/train_summary.json
=== Training complete: 2026-04-21T09:16:51-06:00 ===
